../../data/mutated_expressed_genes.txt
_________________

Best solution updated!
Current C (ids):  {1632, 1, 6278, 9101, 1244, 8821, 6780, 2622}
Current P_C (cardinality): 169
_________________

Best solution updated!
Current C (ids):  {3792, 8821, 6278, 9, 4650, 6780, 9485, 2622}
Current P_C (cardinality): 170
_________________

Best solution updated!
Current C (ids):  {6273, 8821, 6278, 2622, 457, 6780, 9101, 14}
Current P_C (cardinality): 189
_________________

Best solution updated!
Current C (ids):  {6273, 37, 6278, 8821, 7030, 6780, 9101, 2622}
Current P_C (cardinality): 192
_________________

Best solution updated!
Current C (ids):  {6273, 3172, 6278, 2814, 2291, 8821, 6780, 2622}
Current P_C (cardinality): 193
_________________

Best solution updated!
Current C (ids):  {6273, 9585, 8821, 6278, 6793, 3978, 6780, 2622}
Current P_C (cardinality): 196
_________________
Final solution (ids):  {6273, 9585, 8821, 6278, 6793, 3978, 6780, 2622}
Final solution (genes' names):  ['PIK3CA', 'ZHX1', 'TP53', 'PIK3R1', 'PTK2', 'IDH1', 'PTEN', 'EGFR']
Final solution cardinality:  196
_________________
