../../data/mutated_expressed_genes.txt
_________________

Best solution updated!
Current C (ids):  {1632, 1}
Current P_C (cardinality): 2.172523554876477
_________________

Best solution updated!
Current C (ids):  {8965, 5}
Current P_C (cardinality): 7.030984045531682
_________________

Best solution updated!
Current C (ids):  {12, 7030}
Current P_C (cardinality): 14.09526120198069
_________________

Best solution updated!
Current C (ids):  {28, 6278}
Current P_C (cardinality): 19.040761590093553
_________________

Best solution updated!
Current C (ids):  {8821, 37}
Current P_C (cardinality): 32.803453607328265
_________________

Best solution updated!
Current C (ids):  {6780, 244}
Current P_C (cardinality): 38.45920152744458
_________________

Best solution updated!
Current C (ids):  {6278, 2622}
Current P_C (cardinality): 40.92211724852251
_________________

Best solution updated!
Current C (ids):  {6780, 8821}
Current P_C (cardinality): 62.82943731775333
_________________
Final solution (ids):  {6780, 8821}
Final solution (genes' names):  ['PTEN', 'TP53']
Final solution cardinality:  62.82943731775333
_________________
