../../data/mutated_expressed_genes.txt
_________________

Best solution updated!
Current C (ids):  {1632, 1, 6780, 8821}
Current P_C (cardinality): 93
_________________

Best solution updated!
Current C (ids):  {8, 6780, 8821, 8632}
Current P_C (cardinality): 96
_________________

Best solution updated!
Current C (ids):  {8821, 9, 9485, 2622}
Current P_C (cardinality): 103
_________________

Best solution updated!
Current C (ids):  {14, 6780, 9101, 2622}
Current P_C (cardinality): 116
_________________

Best solution updated!
Current C (ids):  {16, 6780, 9101, 2622}
Current P_C (cardinality): 117
_________________

Best solution updated!
Current C (ids):  {8821, 6278, 37, 2622}
Current P_C (cardinality): 129
_________________

Best solution updated!
Current C (ids):  {6278, 6780, 9101, 2622}
Current P_C (cardinality): 133
_________________

Best solution updated!
Current C (ids):  {5864, 6780, 8821, 2622}
Current P_C (cardinality): 141
_________________

Best solution updated!
Current C (ids):  {6793, 6780, 8821, 2622}
Current P_C (cardinality): 143
_________________
Final solution (ids):  {6793, 6780, 8821, 2622}
Final solution (genes' names):  ['PTK2', 'PTEN', 'TP53', 'EGFR']
Final solution cardinality:  143
_________________
