_________________

Best solution updated!
Current C (ids):  {1632, 1, 6780, 8821}
Current P_C (cardinality): 93
_________________

Best solution updated!
Current C (ids):  {8, 6780, 8821, 8632}
Current P_C (cardinality): 96
_________________

Best solution updated!
Current C (ids):  {8821, 9, 9485, 2622}
Current P_C (cardinality): 104
_________________

Best solution updated!
Current C (ids):  {14, 6780, 9101, 2622}
Current P_C (cardinality): 116
_________________

Best solution updated!
Current C (ids):  {16, 6780, 9101, 2622}
Current P_C (cardinality): 117
_________________

Best solution updated!
Current C (ids):  {8821, 6278, 37, 2622}
Current P_C (cardinality): 129
_________________

Best solution updated!
Current C (ids):  {9030, 6278, 2622, 79}
Current P_C (cardinality): 167
_________________

Best solution updated!
Current C (ids):  {9030, 9282, 6278, 2622}
Current P_C (cardinality): 170
_________________
Final solution (ids):  {9030, 9282, 6278, 2622}
Final solution (genes' names):  ['TTN', 'VAV2', 'PIK3R1', 'EGFR']
Final solution cardinality:  170
_________________
