../../data/mutated_expressed_genes.txt
_________________

Best solution updated!
Current C (ids):  {1632, 1, 6273, 4643, 6278, 9101, 1244, 8821, 6780, 2622}
Current P_C (cardinality): 191
_________________

Best solution updated!
Current C (ids):  {6273, 6278, 457, 1291, 9101, 14, 1244, 8821, 6780, 2622}
Current P_C (cardinality): 201
_________________

Best solution updated!
Current C (ids):  {6273, 37, 6278, 9101, 1244, 4787, 8821, 7030, 6780, 2622}
Current P_C (cardinality): 205
_________________

Best solution updated!
Current C (ids):  {6273, 3172, 6278, 3978, 2814, 9585, 2291, 8821, 6780, 2622}
Current P_C (cardinality): 207
_________________
Final solution (ids):  {6273, 3172, 6278, 3978, 2814, 9585, 2291, 8821, 6780, 2622}
Final solution (genes' names):  ['PIK3CA', 'FLNB', 'PIK3R1', 'IDH1', 'ESR1', 'ZHX1', 'DDX5', 'TP53', 'PTEN', 'EGFR']
Final solution cardinality:  207
_________________
