../../data/mutated_expressed_genes.txt
_________________

Best solution updated!
Current C (ids):  {1632, 1, 8821, 6278, 6780, 9101, 2622}
Current P_C (cardinality): 97.08031565101419
_________________

Best solution updated!
Current C (ids):  {3043, 8821, 6278, 11, 6780, 9101, 2622}
Current P_C (cardinality): 97.30238732317855
_________________

Best solution updated!
Current C (ids):  {8821, 6278, 2622, 3177, 6780, 9101, 14}
Current P_C (cardinality): 102.39740229177528
_________________

Best solution updated!
Current C (ids):  {16, 8821, 6278, 1291, 6780, 9101, 2622}
Current P_C (cardinality): 102.81350014233806
_________________

Best solution updated!
Current C (ids):  {6273, 37, 6278, 9101, 8821, 6780, 2622}
Current P_C (cardinality): 111.80417025565612
_________________

Best solution updated!
Current C (ids):  {6273, 6278, 6793, 8821, 572, 6780, 2622}
Current P_C (cardinality): 112.48578292780371
_________________

Best solution updated!
Current C (ids):  {6273, 6278, 2814, 2291, 8821, 6780, 2622}
Current P_C (cardinality): 114.92497320161931
_________________
Final solution (ids):  {6273, 6278, 2814, 2291, 8821, 6780, 2622}
Final solution (genes' names):  ['PIK3CA', 'PIK3R1', 'ESR1', 'DDX5', 'TP53', 'PTEN', 'EGFR']
Final solution cardinality:  114.92497320161931
_________________
