../../data/mutated_expressed_genes.txt
_________________

Best solution updated!
Current C (ids):  {1}
Current P_C (cardinality): 1.3543417366946642
_________________

Best solution updated!
Current C (ids):  {5}
Current P_C (cardinality): 3.0684017736649594
_________________

Best solution updated!
Current C (ids):  {14}
Current P_C (cardinality): 4.901007989852928
_________________

Best solution updated!
Current C (ids):  {49}
Current P_C (cardinality): 4.981193175865656
_________________

Best solution updated!
Current C (ids):  {225}
Current P_C (cardinality): 7.329038487113166
_________________

Best solution updated!
Current C (ids):  {299}
Current P_C (cardinality): 8.242564668675186
_________________

Best solution updated!
Current C (ids):  {2622}
Current P_C (cardinality): 24.37655635399534
_________________

Best solution updated!
Current C (ids):  {6780}
Current P_C (cardinality): 36.579344113863044
_________________
Final solution (ids):  {6780}
Final solution (genes' names):  ['PTEN']
Final solution cardinality:  36.579344113863044
_________________
