_________________

Best solution updated!
Current C (ids):  {1632, 1, 8821}
Current P_C (cardinality): 33.38762597304452
_________________

Best solution updated!
Current C (ids):  {1632, 8821, 5}
Current P_C (cardinality): 35.33771085473529
_________________

Best solution updated!
Current C (ids):  {6780, 9101, 14}
Current P_C (cardinality): 40.05493804581437
_________________

Best solution updated!
Current C (ids):  {16, 6780, 9101}
Current P_C (cardinality): 40.10946962418586
_________________

Best solution updated!
Current C (ids):  {6273, 28, 6278}
Current P_C (cardinality): 40.61489302793291
_________________

Best solution updated!
Current C (ids):  {8821, 37, 2622}
Current P_C (cardinality): 53.59047198310765
_________________

Best solution updated!
Current C (ids):  {2622, 9030, 79}
Current P_C (cardinality): 77.81975421381856
_________________

Best solution updated!
Current C (ids):  {9030, 9282, 2622}
Current P_C (cardinality): 79.8686100262994
_________________
Final solution (ids):  {9030, 9282, 2622}
Final solution (genes' names):  ['TTN', 'VAV2', 'EGFR']
Final solution cardinality:  79.8686100262994
_________________
