../../data/mutated_expressed_genes.txt
probabilistic (no bounds) BDDE starts now:
_________________

Best solution updated!
Current C (ids):  [4, 3903, 9814, 9704]
Current P_C (cardinality): 0.9514936146879336
_________________

Best solution updated!
Current C (ids):  [4, 3903, 3484, 9814]
Current P_C (cardinality): 1.0641014070687902
_________________

Best solution updated!
Current C (ids):  [4, 3903, 3484, 9811]
Current P_C (cardinality): 1.8849473258314902
_________________

Best solution updated!
Current C (ids):  [4, 3903, 3484, 9764]
Current P_C (cardinality): 2.1636529019438058
_________________

Best solution updated!
Current C (ids):  [4, 3903, 3484, 9712]
Current P_C (cardinality): 2.526927390947378
_________________

Best solution updated!
Current C (ids):  [4, 3903, 3484, 9612]
Current P_C (cardinality): 2.960202914796355
_________________

Best solution updated!
Current C (ids):  [4, 3903, 3484, 9579]
Current P_C (cardinality): 4.012597256172796
_________________

Best solution updated!
Current C (ids):  [4, 3903, 3484, 9559]
Current P_C (cardinality): 4.249872842570028
_________________

Best solution updated!
Current C (ids):  [4, 3903, 3484, 5728]
Current P_C (cardinality): 4.50646335458606
_________________

Best solution updated!
Current C (ids):  [4, 3903, 3484, 375]
Current P_C (cardinality): 5.353512842667101
_________________

Best solution updated!
Current C (ids):  [6, 1847, 9769, 8972]
Current P_C (cardinality): 7.47601378355273
_________________

Best solution updated!
Current C (ids):  [6, 1847, 9276, 9769]
Current P_C (cardinality): 9.864789173524002
_________________

Best solution updated!
Current C (ids):  [6, 1847, 9276, 6273]
Current P_C (cardinality): 24.18765548554751
_________________

Best solution updated!
Current C (ids):  [6, 1847, 8021, 2622]
Current P_C (cardinality): 27.07797741389362
_________________

Best solution updated!
Current C (ids):  [10, 5096, 3554, 2622]
Current P_C (cardinality): 28.41669651686101
_________________

Best solution updated!
Current C (ids):  [13, 2005, 8823, 8821]
Current P_C (cardinality): 34.76225075778996
_________________

Best solution updated!
Current C (ids):  [13, 2005, 6793, 6780]
Current P_C (cardinality): 39.67289183313568
_________________

Best solution updated!
Current C (ids):  [13, 2005, 2622, 6278]
Current P_C (cardinality): 42.169057974606744
_________________

Best solution updated!
Current C (ids):  [16, 9101, 6780, 9246]
Current P_C (cardinality): 42.19038699261506
_________________

Best solution updated!
Current C (ids):  [16, 9101, 6780, 9156]
Current P_C (cardinality): 43.54681230012147
_________________

Best solution updated!
Current C (ids):  [16, 9101, 6780, 8821]
Current P_C (cardinality): 66.35956282807615
_________________

Best solution updated!
Current C (ids):  [2206, 8821, 6780, 7031]
Current P_C (cardinality): 66.49919467585579
_________________

Best solution updated!
Current C (ids):  [3978, 9585, 8821, 6780]
Current P_C (cardinality): 76.46668398776387
_________________

Best solution updated!
Current C (ids):  [2291, 6273, 8821, 6780]
Current P_C (cardinality): 80.26542306450625
_________________

Best solution updated!
Current C (ids):  [5864, 2622, 8821, 6780]
Current P_C (cardinality): 82.49544286931979
_________________

Best solution updated!
Current C (ids):  [6780, 8821, 8236, 2622]
Current P_C (cardinality): 82.72466285541276
_________________

Best solution updated!
Current C (ids):  [6780, 8821, 3919, 2622]
Current P_C (cardinality): 83.28209681137633
_________________

Best solution updated!
Current C (ids):  [6780, 6793, 2622, 8821]
Current P_C (cardinality): 83.3480925701407
Numero foglie: 
131883233
_________________
Final solution (ids):  [6780, 6793, 2622, 8821]
Final solution (genes' names):  ['PTEN', 'PTK2', 'EGFR', 'TP53']
Final solution cardinality:  83.3480925701407
_________________
