_________________

Best solution updated!
Current C (ids):  {1632, 1, 3059, 8821, 6780}
Current P_C (cardinality): 108
_________________

Best solution updated!
Current C (ids):  {3059, 8821, 8632, 8, 6780}
Current P_C (cardinality): 110
_________________

Best solution updated!
Current C (ids):  {8821, 9, 6780, 9485, 2622}
Current P_C (cardinality): 141
_________________

Best solution updated!
Current C (ids):  {8821, 14, 6780, 9101, 2622}
Current P_C (cardinality): 145
_________________

Best solution updated!
Current C (ids):  {16, 8821, 6780, 9101, 2622}
Current P_C (cardinality): 146
_________________

Best solution updated!
Current C (ids):  {9282, 3556, 36, 9030, 2622}
Current P_C (cardinality): 156
_________________

Best solution updated!
Current C (ids):  {9282, 2788, 38, 9030, 2622}
Current P_C (cardinality): 157
_________________

Best solution updated!
Current C (ids):  {5903, 6278, 9030, 2622, 79}
Current P_C (cardinality): 178
_________________

Best solution updated!
Current C (ids):  {9282, 9030, 6278, 5903, 2622}
Current P_C (cardinality): 181
_________________
Final solution (ids):  {9282, 9030, 6278, 5903, 2622}
Final solution (genes' names):  ['VAV2', 'TTN', 'PIK3R1', 'OBSCN', 'EGFR']
Final solution cardinality:  181
_________________
