../../data/mutated_expressed_genes.txt
_________________

Best solution updated!
Current C (ids):  {1632, 1, 8821}
Current P_C (cardinality): 33.38762597304452
_________________

Best solution updated!
Current C (ids):  {1632, 8821, 5}
Current P_C (cardinality): 35.337710854735235
_________________

Best solution updated!
Current C (ids):  {6780, 9101, 14}
Current P_C (cardinality): 40.0549380458142
_________________

Best solution updated!
Current C (ids):  {16, 6780, 9101}
Current P_C (cardinality): 40.10946962418569
_________________

Best solution updated!
Current C (ids):  {8821, 37, 2622}
Current P_C (cardinality): 53.59047198310765
_________________

Best solution updated!
Current C (ids):  {6780, 8821, 294}
Current P_C (cardinality): 62.829437317753275
_________________

Best solution updated!
Current C (ids):  {6780, 8821, 343}
Current P_C (cardinality): 63.27299110765756
_________________

Best solution updated!
Current C (ids):  {6780, 8821, 566}
Current P_C (cardinality): 63.8324652680638
_________________

Best solution updated!
Current C (ids):  {736, 6780, 8821}
Current P_C (cardinality): 64.22150427124046
_________________

Best solution updated!
Current C (ids):  {771, 6780, 8821}
Current P_C (cardinality): 66.22442580360774
_________________

Best solution updated!
Current C (ids):  {6780, 8821, 7031}
Current P_C (cardinality): 66.49919467585579
_________________
Final solution (ids):  {6780, 8821, 7031}
Final solution (genes' names):  ['PTEN', 'TP53', 'RB1CC1']
Final solution cardinality:  66.49919467585579
_________________
