../../data/mutated_expressed_genes.txt
probabilistic BDDE starts now:
_________________

Best solution updated!
Current C (ids):  [6780, 9257, 9658, 9849]
Current P_C (cardinality): 38.65003273705861
_________________

Best solution updated!
Current C (ids):  [6780, 9257, 9658, 9191]
Current P_C (cardinality): 39.115063222172125
_________________

Best solution updated!
Current C (ids):  [6780, 9257, 9658, 7200]
Current P_C (cardinality): 39.9698576251684
_________________

Best solution updated!
Current C (ids):  [6780, 9257, 9658, 2592]
Current P_C (cardinality): 41.38882677734074
_________________

Best solution updated!
Current C (ids):  [6780, 9257, 9303, 7122]
Current P_C (cardinality): 41.65310529339632
_________________

Best solution updated!
Current C (ids):  [6780, 9257, 8880, 2592]
Current P_C (cardinality): 41.81169384083279
_________________

Best solution updated!
Current C (ids):  [6780, 9257, 8823, 2592]
Current P_C (cardinality): 42.75533130012241
_________________

Best solution updated!
Current C (ids):  [6780, 9257, 1698, 8975]
Current P_C (cardinality): 43.84303048863535
_________________

Best solution updated!
Current C (ids):  [6780, 9257, 646, 4799]
Current P_C (cardinality): 43.976400955745646
_________________

Best solution updated!
Current C (ids):  [6780, 9101, 8867, 7030]
Current P_C (cardinality): 48.748461979932415
_________________

Best solution updated!
Current C (ids):  [6780, 9101, 8148, 6273]
Current P_C (cardinality): 56.06726473056926
_________________

Best solution updated!
Current C (ids):  [6780, 9101, 6278, 7472]
Current P_C (cardinality): 56.3479716903621
_________________

Best solution updated!
Current C (ids):  [6780, 9101, 6278, 6682]
Current P_C (cardinality): 58.12879191793388
_________________

Best solution updated!
Current C (ids):  [6780, 9101, 6278, 8105]
Current P_C (cardinality): 60.22563781736011
_________________

Best solution updated!
Current C (ids):  [6780, 9101, 6278, 6273]
Current P_C (cardinality): 71.59812356239718
_________________

Best solution updated!
Current C (ids):  [6780, 9101, 2622, 6278]
Current P_C (cardinality): 73.27764393501405
_________________

Best solution updated!
Current C (ids):  [6780, 8821, 9101, 6278]
Current P_C (cardinality): 77.90519247851046
_________________

Best solution updated!
Current C (ids):  [6780, 8821, 9101, 2622]
Current P_C (cardinality): 82.46347939899982
_________________

Best solution updated!
Current C (ids):  [6780, 8821, 8236, 2622]
Current P_C (cardinality): 82.72466285541253
_________________

Best solution updated!
Current C (ids):  [6780, 8821, 3919, 2622]
Current P_C (cardinality): 83.28209681137605
_________________

Best solution updated!
Current C (ids):  [6780, 6793, 2622, 8821]
Current P_C (cardinality): 83.34809257014035
Quante foglie?
96489618
_________________
Final solution (ids):  [6780, 6793, 2622, 8821]
Final solution (genes' names):  ['PTEN', 'PTK2', 'EGFR', 'TP53']
Final solution cardinality:  83.34809257014035
_________________
