../../data/mutated_expressed_genes.txt
_________________

Best solution updated!
Current C (ids):  {1632, 1, 6273, 4643, 6278, 9101, 8821, 6780, 2622}
Current P_C (cardinality): 113.30595958228821
_________________

Best solution updated!
Current C (ids):  {2592, 6273, 6278, 457, 9101, 14, 8821, 6780, 2622}
Current P_C (cardinality): 118.94018464148951
_________________

Best solution updated!
Current C (ids):  {33, 6273, 37, 6278, 9101, 8821, 7030, 6780, 2622}
Current P_C (cardinality): 120.29955186453316
_________________

Best solution updated!
Current C (ids):  {6273, 37, 6278, 3177, 9101, 8821, 7030, 6780, 2622}
Current P_C (cardinality): 123.59332409483807
_________________

Best solution updated!
Current C (ids):  {6273, 37, 6278, 583, 4787, 8821, 7030, 6780, 2622}
Current P_C (cardinality): 123.82426106412458
_________________

Best solution updated!
Current C (ids):  {6273, 6278, 3978, 2814, 9585, 2291, 8821, 6780, 2622}
Current P_C (cardinality): 125.9787172469118
_________________
Final solution (ids):  {6273, 6278, 3978, 2814, 9585, 2291, 8821, 6780, 2622}
Final solution (genes' names):  ['PIK3CA', 'PIK3R1', 'IDH1', 'ESR1', 'ZHX1', 'DDX5', 'TP53', 'PTEN', 'EGFR']
Final solution cardinality:  125.9787172469118
_________________
