../../data/mutated_expressed_genes.txt
_________________

Best solution updated!
Current C (ids):  {1632, 1, 8821, 6278, 6780, 9101, 2622}
Current P_C (cardinality): 162
_________________

Best solution updated!
Current C (ids):  {3043, 8821, 6278, 11, 6780, 9101, 2622}
Current P_C (cardinality): 163
_________________

Best solution updated!
Current C (ids):  {1244, 8821, 6278, 2622, 6780, 9101, 14}
Current P_C (cardinality): 172
_________________

Best solution updated!
Current C (ids):  {6273, 37, 6278, 9101, 8821, 6780, 2622}
Current P_C (cardinality): 183
_________________

Best solution updated!
Current C (ids):  {6273, 6278, 2622, 6793, 8821, 6780, 572}
Current P_C (cardinality): 184
_________________

Best solution updated!
Current C (ids):  {6273, 6278, 2814, 2291, 8821, 6780, 2622}
Current P_C (cardinality): 186
_________________

Best solution updated!
Current C (ids):  {6273, 8821, 6278, 6793, 6780, 2622, 8639}
Current P_C (cardinality): 188
_________________
Final solution (ids):  {6273, 8821, 6278, 6793, 6780, 2622, 8639}
Final solution (genes' names):  ['PIK3CA', 'TP53', 'PIK3R1', 'PTK2', 'PTEN', 'EGFR', 'TLN1']
Final solution cardinality:  188
_________________
