_________________

Best solution updated!
Current C (ids):  {1632, 1, 8821}
Current P_C (cardinality): 49
_________________

Best solution updated!
Current C (ids):  {3556, 5, 2622}
Current P_C (cardinality): 72
_________________

Best solution updated!
Current C (ids):  {2622, 9101, 14}
Current P_C (cardinality): 74
_________________

Best solution updated!
Current C (ids):  {16, 9101, 2622}
Current P_C (cardinality): 76
_________________

Best solution updated!
Current C (ids):  {8821, 37, 2622}
Current P_C (cardinality): 105
_________________

Best solution updated!
Current C (ids):  {2622, 9030, 79}
Current P_C (cardinality): 150
_________________

Best solution updated!
Current C (ids):  {9030, 9282, 2622}
Current P_C (cardinality): 153
_________________
Final solution (ids):  {9030, 9282, 2622}
Final solution (genes' names):  ['TTN', 'VAV2', 'EGFR']
Final solution cardinality:  153
_________________
