../../data/mutated_expressed_genes.txt
_________________

Best solution updated!
Current C (ids):  {1632, 1, 9101, 8821, 6780, 2622}
Current P_C (cardinality): 142
_________________

Best solution updated!
Current C (ids):  {9, 9485, 4882, 8821, 6780, 2622}
Current P_C (cardinality): 150
_________________

Best solution updated!
Current C (ids):  {6278, 9101, 14, 8821, 6780, 2622}
Current P_C (cardinality): 165
_________________

Best solution updated!
Current C (ids):  {6780, 6278, 9101, 8821, 1244, 2622}
Current P_C (cardinality): 168
_________________

Best solution updated!
Current C (ids):  {6273, 6278, 8105, 6780, 9101, 2622}
Current P_C (cardinality): 170
_________________

Best solution updated!
Current C (ids):  {6273, 8821, 6278, 6793, 6780, 2622}
Current P_C (cardinality): 182
_________________
Final solution (ids):  {6273, 8821, 6278, 6793, 6780, 2622}
Final solution (genes' names):  ['PIK3CA', 'TP53', 'PIK3R1', 'PTK2', 'PTEN', 'EGFR']
Final solution cardinality:  182
_________________
