../../data/mutated_expressed_genes.txt
deterministic (no bounds) BDDE starts now:
_________________

Best solution updated!
Current C (ids):  [4, 3903, 9814, 9704]
Current P_C (cardinality): 3
_________________

Best solution updated!
Current C (ids):  [4, 3903, 3484, 9811]
Current P_C (cardinality): 4
_________________

Best solution updated!
Current C (ids):  [4, 3903, 3484, 9767]
Current P_C (cardinality): 6
_________________

Best solution updated!
Current C (ids):  [4, 3903, 3484, 9579]
Current P_C (cardinality): 10
_________________

Best solution updated!
Current C (ids):  [4, 3903, 3484, 375]
Current P_C (cardinality): 16
_________________

Best solution updated!
Current C (ids):  [6, 1847, 9276, 9769]
Current P_C (cardinality): 18
_________________

Best solution updated!
Current C (ids):  [6, 1847, 9276, 6273]
Current P_C (cardinality): 45
_________________

Best solution updated!
Current C (ids):  [6, 1847, 8021, 2622]
Current P_C (cardinality): 70
_________________

Best solution updated!
Current C (ids):  [10, 5096, 3554, 2622]
Current P_C (cardinality): 77
_________________

Best solution updated!
Current C (ids):  [13, 2005, 2622, 8105]
Current P_C (cardinality): 81
_________________

Best solution updated!
Current C (ids):  [13, 2005, 2622, 3172]
Current P_C (cardinality): 82
_________________

Best solution updated!
Current C (ids):  [13, 2005, 2622, 6278]
Current P_C (cardinality): 96
_________________

Best solution updated!
Current C (ids):  [16, 9101, 6780, 8821]
Current P_C (cardinality): 99
_________________

Best solution updated!
Current C (ids):  [16, 9101, 2622, 8821]
Current P_C (cardinality): 112
_________________

Best solution updated!
Current C (ids):  [16, 9101, 2622, 6780]
Current P_C (cardinality): 117
_________________

Best solution updated!
Current C (ids):  [3291, 6278, 2622, 6273]
Current P_C (cardinality): 124
_________________

Best solution updated!
Current C (ids):  [6509, 6278, 2622, 6273]
Current P_C (cardinality): 127
_________________

Best solution updated!
Current C (ids):  [373, 2622, 6278, 6273]
Current P_C (cardinality): 128
_________________

Best solution updated!
Current C (ids):  [830, 6278, 2622, 6273]
Current P_C (cardinality): 131
_________________

Best solution updated!
Current C (ids):  [8105, 6278, 2622, 6273]
Current P_C (cardinality): 134
_________________

Best solution updated!
Current C (ids):  [5864, 2622, 8821, 6780]
Current P_C (cardinality): 141
_________________

Best solution updated!
Current C (ids):  [6780, 8821, 8236, 2622]
Current P_C (cardinality): 142
_________________

Best solution updated!
Current C (ids):  [6780, 6793, 2622, 8821]
Current P_C (cardinality): 143
Numero foglie: 
131883233
_________________
Final solution (ids):  [6780, 6793, 2622, 8821]
Final solution (genes' names):  ['PTEN', 'PTK2', 'EGFR', 'TP53']
Final solution cardinality:  143
_________________
