../../data/mutated_expressed_genes.txt
_________________

Best solution updated!
Current C (ids):  {1632, 1, 6273, 4643, 6278, 9101, 8821, 6780, 2622}
Current P_C (cardinality): 184
_________________

Best solution updated!
Current C (ids):  {6273, 6278, 457, 9101, 14, 1244, 8821, 6780, 2622}
Current P_C (cardinality): 196
_________________

Best solution updated!
Current C (ids):  {6273, 37, 6278, 9101, 1244, 8821, 7030, 6780, 2622}
Current P_C (cardinality): 199
_________________

Best solution updated!
Current C (ids):  {4288, 6273, 6278, 8105, 2091, 8821, 2744, 6780, 2622}
Current P_C (cardinality): 200
_________________

Best solution updated!
Current C (ids):  {6273, 6278, 6793, 3978, 9585, 8821, 1719, 6780, 2622}
Current P_C (cardinality): 201
_________________
Final solution (ids):  {6273, 6278, 6793, 3978, 9585, 8821, 1719, 6780, 2622}
Final solution (genes' names):  ['PIK3CA', 'PIK3R1', 'PTK2', 'IDH1', 'ZHX1', 'TP53', 'CFLAR', 'PTEN', 'EGFR']
Final solution cardinality:  201
_________________
