_________________

Best solution updated!
Current C (ids):  [1, 7958]
Current P_C (cardinality): 2.02100840336135
_________________

Best solution updated!
Current C (ids):  [1, 1632]
Current P_C (cardinality): 2.172523554876534
_________________

Best solution updated!
Current C (ids):  [1, 3557]
Current P_C (cardinality): 3.166748023555158
_________________

Best solution updated!
Current C (ids):  [2, 7588]
Current P_C (cardinality): 3.3173839401630403
_________________

Best solution updated!
Current C (ids):  [5, 2181]
Current P_C (cardinality): 3.7184525963624537
_________________

Best solution updated!
Current C (ids):  [5, 5852]
Current P_C (cardinality): 3.9058146489187493
_________________

Best solution updated!
Current C (ids):  [5, 3366]
Current P_C (cardinality): 4.469339117023367
_________________

Best solution updated!
Current C (ids):  [5, 8965]
Current P_C (cardinality): 7.0309840455317385
_________________

Best solution updated!
Current C (ids):  [5, 4796]
Current P_C (cardinality): 12.157225825203739
_________________

Best solution updated!
Current C (ids):  [12, 7030]
Current P_C (cardinality): 14.095261201980748
_________________

Best solution updated!
Current C (ids):  [28, 6278]
Current P_C (cardinality): 21.67962132755673
_________________

Best solution updated!
Current C (ids):  [37, 8821]
Current P_C (cardinality): 32.80345360732815
_________________

Best solution updated!
Current C (ids):  [79, 9030]
Current P_C (cardinality): 57.2583341005751
_________________

Best solution updated!
Current C (ids):  [87, 9030]
Current P_C (cardinality): 57.47398996910033
_________________

Best solution updated!
Current C (ids):  [88, 9030]
Current P_C (cardinality): 57.67062504280386
_________________

Best solution updated!
Current C (ids):  [1283, 9030]
Current P_C (cardinality): 59.298132411654535
_________________

Best solution updated!
Current C (ids):  [5580, 9030]
Current P_C (cardinality): 61.669090673257244
_________________

Best solution updated!
Current C (ids):  [5903, 9030]
Current P_C (cardinality): 66.57171336037811
_________________
Final solution (ids):  [5903, 9030]
Final solution (genes' names):  ['OBSCN', 'TTN']
Final solution cardinality:  66.57171336037811
Elapsed time:  00:00:16
_________________
