_________________

Best solution updated!
Current C (ids):  {1632, 1, 8821, 6780}
Current P_C (cardinality): 1495
_________________

Best solution updated!
Current C (ids):  {8821, 6780, 9101, 14}
Current P_C (cardinality): 1515
_________________

Best solution updated!
Current C (ids):  {6273, 8821, 37, 6278}
Current P_C (cardinality): 1724
_________________

Best solution updated!
Current C (ids):  {9300, 6780, 8821, 583}
Current P_C (cardinality): 1731
_________________

Best solution updated!
Current C (ids):  {6273, 2291, 8821, 6780}
Current P_C (cardinality): 1785
_________________
Final solution (ids):  {6273, 2291, 8821, 6780}
Final solution (genes' names):  ['PIK3CA', 'DDX5', 'TP53', 'PTEN']
Final solution cardinality:  1785
Elapsed time:  13:12:41
_________________
