../../data/mutated_expressed_genes.txt
deterministic (no bounds) BDDE starts now:
_________________

Best solution updated!
Current C (ids):  [4, 3903, 3484]
Current P_C (cardinality): 3
_________________

Best solution updated!
Current C (ids):  [6, 1847, 9769]
Current P_C (cardinality): 11
_________________

Best solution updated!
Current C (ids):  [6, 1847, 9276]
Current P_C (cardinality): 15
_________________

Best solution updated!
Current C (ids):  [13, 2005, 8105]
Current P_C (cardinality): 23
_________________

Best solution updated!
Current C (ids):  [13, 2005, 2622]
Current P_C (cardinality): 70
_________________

Best solution updated!
Current C (ids):  [16, 9101, 2622]
Current P_C (cardinality): 76
_________________

Best solution updated!
Current C (ids):  [2206, 8821, 6780]
Current P_C (cardinality): 92
_________________

Best solution updated!
Current C (ids):  [3291, 6278, 2622]
Current P_C (cardinality): 93
_________________

Best solution updated!
Current C (ids):  [6509, 6278, 2622]
Current P_C (cardinality): 97
_________________

Best solution updated!
Current C (ids):  [2123, 8821, 6780]
Current P_C (cardinality): 98
_________________

Best solution updated!
Current C (ids):  [830, 6278, 2622]
Current P_C (cardinality): 101
_________________

Best solution updated!
Current C (ids):  [8105, 6278, 2622]
Current P_C (cardinality): 104
_________________

Best solution updated!
Current C (ids):  [3172, 6278, 2622]
Current P_C (cardinality): 105
_________________

Best solution updated!
Current C (ids):  [6780, 9101, 2622]
Current P_C (cardinality): 112
_________________

Best solution updated!
Current C (ids):  [6780, 6793, 2622]
Current P_C (cardinality): 115
_________________

Best solution updated!
Current C (ids):  [6273, 6278, 2622]
Current P_C (cardinality): 124
Numero foglie: 
1808307
_________________
Final solution (ids):  [6273, 6278, 2622]
Final solution (genes' names):  ['PIK3CA', 'PIK3R1', 'EGFR']
Final solution cardinality:  124
_________________
