_________________

Best solution updated!
Current C (ids):  {1632, 1, 3059, 8821, 6780}
Current P_C (cardinality): 70.94361884514097
_________________

Best solution updated!
Current C (ids):  {9282, 5, 9030, 6951, 5903}
Current P_C (cardinality): 71.28144214146545
_________________

Best solution updated!
Current C (ids):  {3059, 8821, 8632, 8, 6780}
Current P_C (cardinality): 71.42369428650443
_________________

Best solution updated!
Current C (ids):  {8821, 9, 6780, 9485, 2622}
Current P_C (cardinality): 83.37187445566121
_________________

Best solution updated!
Current C (ids):  {8821, 2622, 6780, 9101, 14}
Current P_C (cardinality): 84.85417550528967
_________________

Best solution updated!
Current C (ids):  {16, 8821, 6780, 9101, 2622}
Current P_C (cardinality): 85.43564067913769
_________________

Best solution updated!
Current C (ids):  {9030, 6780, 9101, 2622, 79}
Current P_C (cardinality): 106.98404252760133
_________________

Best solution updated!
Current C (ids):  {9282, 9030, 6780, 9101, 2622}
Current P_C (cardinality): 109.04921702140075
_________________

Best solution updated!
Current C (ids):  {8821, 9030, 87, 6780, 4287}
Current P_C (cardinality): 111.26358254294661
_________________
Final solution (ids):  {8821, 9030, 87, 6780, 4287}
Final solution (genes' names):  ['TP53', 'TTN', 'ACTN1', 'PTEN', 'KAT2B']
Final solution cardinality:  111.26358254294661
_________________
