../../data/mutated_expressed_genes.txt
deterministic (no bounds) BDDE starts now:
_________________

Best solution updated!
Current C (ids):  [6]
Current P_C (cardinality): 4
_________________

Best solution updated!
Current C (ids):  [10]
Current P_C (cardinality): 5
_________________

Best solution updated!
Current C (ids):  [16]
Current P_C (cardinality): 11
_________________

Best solution updated!
Current C (ids):  [871]
Current P_C (cardinality): 13
_________________

Best solution updated!
Current C (ids):  [2728]
Current P_C (cardinality): 14
_________________

Best solution updated!
Current C (ids):  [2813]
Current P_C (cardinality): 19
_________________

Best solution updated!
Current C (ids):  [4280]
Current P_C (cardinality): 21
_________________

Best solution updated!
Current C (ids):  [2744]
Current P_C (cardinality): 23
_________________

Best solution updated!
Current C (ids):  [6780]
Current P_C (cardinality): 57
_________________

Best solution updated!
Current C (ids):  [2622]
Current P_C (cardinality): 67
Numero foglie: 
9859
_________________
Final solution (ids):  [2622]
Final solution (genes' names):  ['EGFR']
Final solution cardinality:  67
_________________
