../../data/mutated_expressed_genes.txt
_________________

Best solution updated!
Current C (ids):  {1632, 1, 8821}
Current P_C (cardinality): 49
_________________

Best solution updated!
Current C (ids):  {3556, 5, 2622}
Current P_C (cardinality): 72
_________________

Best solution updated!
Current C (ids):  {2622, 9101, 14}
Current P_C (cardinality): 74
_________________

Best solution updated!
Current C (ids):  {16, 9101, 2622}
Current P_C (cardinality): 76
_________________

Best solution updated!
Current C (ids):  {8821, 37, 2622}
Current P_C (cardinality): 105
_________________

Best solution updated!
Current C (ids):  {2622, 6273, 6278}
Current P_C (cardinality): 124
_________________
Final solution (ids):  {2622, 6273, 6278}
Final solution (genes' names):  ['EGFR', 'PIK3CA', 'PIK3R1']
Final solution cardinality:  124
_________________
