_________________

Best solution updated!
Current C (ids):  {1, 3557}
Current P_C (cardinality): 3.166748023555158
_________________

Best solution updated!
Current C (ids):  {2, 7588}
Current P_C (cardinality): 3.3173839401630403
_________________

Best solution updated!
Current C (ids):  {4796, 5}
Current P_C (cardinality): 12.157225825203795
_________________

Best solution updated!
Current C (ids):  {12, 7030}
Current P_C (cardinality): 14.095261201980634
_________________

Best solution updated!
Current C (ids):  {28, 6278}
Current P_C (cardinality): 21.67962132755673
_________________

Best solution updated!
Current C (ids):  {8821, 37}
Current P_C (cardinality): 32.80345360732832
_________________

Best solution updated!
Current C (ids):  {9030, 79}
Current P_C (cardinality): 57.2583341005751
_________________

Best solution updated!
Current C (ids):  {9030, 87}
Current P_C (cardinality): 57.47398996910033
_________________

Best solution updated!
Current C (ids):  {88, 9030}
Current P_C (cardinality): 57.67062504280386
_________________

Best solution updated!
Current C (ids):  {1283, 9030}
Current P_C (cardinality): 59.298132411654535
_________________

Best solution updated!
Current C (ids):  {5580, 9030}
Current P_C (cardinality): 61.66909067325719
_________________

Best solution updated!
Current C (ids):  {9030, 5903}
Current P_C (cardinality): 66.57171336037806
_________________
Final solution (ids):  {9030, 5903}
Final solution (genes' names):  ['TTN', 'OBSCN']
Final solution cardinality:  66.57171336037806
_________________
