_________________

Best solution updated!
Current C (ids):  [1, 1632, 5193]
Current P_C (cardinality): 2.172523554876477
_________________

Best solution updated!
Current C (ids):  [1, 347, 8946]
Current P_C (cardinality): 2.8925127644799886
_________________

Best solution updated!
Current C (ids):  [1, 8632, 2866]
Current P_C (cardinality): 3.36179476567321
_________________

Best solution updated!
Current C (ids):  [1, 347, 8821]
Current P_C (cardinality): 33.1985242735571
_________________

Best solution updated!
Current C (ids):  [1, 1632, 8821]
Current P_C (cardinality): 33.38762597304452
_________________

Best solution updated!
Current C (ids):  [5, 9177, 8821]
Current P_C (cardinality): 35.800663623613275
_________________

Best solution updated!
Current C (ids):  [14, 9101, 6780]
Current P_C (cardinality): 40.05493804581431
_________________

Best solution updated!
Current C (ids):  [16, 9101, 6780]
Current P_C (cardinality): 40.10946962418575
_________________

Best solution updated!
Current C (ids):  [28, 6278, 6273]
Current P_C (cardinality): 40.61489302793302
_________________

Best solution updated!
Current C (ids):  [28, 6278, 2622]
Current P_C (cardinality): 43.56097698598569
_________________

Best solution updated!
Current C (ids):  [37, 8821, 6780]
Current P_C (cardinality): 63.90026759920096
_________________

Best solution updated!
Current C (ids):  [79, 2622, 9030]
Current P_C (cardinality): 77.81975421381856
_________________

Best solution updated!
Current C (ids):  [2622, 9282, 9030]
Current P_C (cardinality): 79.86861002629928
_________________
Final solution (ids):  [2622, 9282, 9030]
Final solution (genes' names):  ['EGFR', 'VAV2', 'TTN']
Final solution cardinality:  79.86861002629928
Elapsed time:  00:20:29
_________________
